<?xml version="1.0" encoding="UTF-8"?>
<testng-results ignored="0" total="1" passed="1" failed="0" skipped="0">
  <reporter-output>
  </reporter-output>
  <suite started-at="2023-04-20T15:53:41 IST" name="Default suite" finished-at="2023-04-20T15:53:42 IST" duration-ms="1233">
    <groups>
    </groups>
    <test started-at="2023-04-20T15:53:41 IST" name="Default test" finished-at="2023-04-20T15:53:42 IST" duration-ms="1233">
      <class name="Assuredclass.day7_fakker">
        <test-method signature="fakelib()[pri:0, instance:Assuredclass.day7_fakker@47987356]" started-at="2023-04-20T15:53:41 IST" name="fakelib" finished-at="2023-04-20T15:53:42 IST" duration-ms="1007" status="PASS">
          <reporter-output>
          </reporter-output>
        </test-method> <!-- fakelib -->
      </class> <!-- Assuredclass.day7_fakker -->
    </test> <!-- Default test -->
  </suite> <!-- Default suite -->
</testng-results>
